2025-03-13 16:11:12,217 - INFO - Python version: 3.10.11 (tags/v3.10.11:7d4cc5a, Apr  5 2023, 00:38:17) [MSC v.1929 64 bit (AMD64)]
2025-03-13 16:11:12,217 - INFO - LightFM version: 1.17
2025-03-13 16:11:13,742 - INFO - Installed packages:
altair==5.5.0
asttokens==3.0.0
attrs==25.1.0
blinker==1.9.0
cachetools==5.5.2
certifi==2025.1.31
charset-normalizer==3.4.1
click==8.1.8
cloudpickle==3.1.1
colorama==0.4.6
comm==0.2.2
contourpy==1.3.1
cycler==0.12.1
Cython==3.0.12
dask==2025.2.0
debugpy==1.8.12
decorator==5.2.1
exceptiongroup==1.2.2
executing==2.2.0
fonttools==4.56.0
fsspec==2025.2.0
gitdb==4.0.12
GitPython==3.1.44
idna==3.10
implicit==0.7.2
importlib_metadata==8.6.1
ipykernel==6.29.5
ipython==8.32.0
jedi==0.19.2
Jinja2==3.1.5
joblib==1.4.2
jsonschema==4.23.0
jsonschema-specifications==2024.10.1
jupyter_client==8.6.3
jupyter_core==5.7.2
kiwisolver==1.4.8
lightfm==1.17
locket==1.0.0
markdown-it-py==3.0.0
MarkupSafe==3.0.2
matplotlib==3.10.0
matplotlib-inline==0.1.7
mdurl==0.1.2
narwhals==1.28.0
nest-asyncio==1.6.0
numpy==2.2.3
packaging==24.2
pandas==2.2.3
parso==0.8.4
partd==1.4.2
pillow==11.1.0
platformdirs==4.3.6
plotly==6.0.0
prompt_toolkit==3.0.50
protobuf==5.29.3
psutil==7.0.0
pure_eval==0.2.3
pyarrow==19.0.1
pydeck==0.9.1
Pygments==2.19.1
pyparsing==3.2.1
python-dateutil==2.9.0.post0
pytz==2025.1
pywin32==308
PyYAML==6.0.2
pyzmq==26.2.1
referencing==0.36.2
requests==2.32.3
rich==13.9.4
rpds-py==0.23.1
scikit-learn==1.6.1
scipy==1.15.2
seaborn==0.13.2
six==1.17.0
smmap==5.0.2
stack-data==0.6.3
streamlit==1.43.1
tenacity==9.0.0
threadpoolctl==3.5.0
toml==0.10.2
toolz==1.0.0
tornado==6.4.2
tqdm==4.67.1
traitlets==5.14.3
typing_extensions==4.12.2
tzdata==2025.1
urllib3==2.3.0
watchdog==6.0.0
wcwidth==0.2.13
zipp==3.21.0

2025-03-13 16:11:14,328 - INFO - Loading hybrid model...
2025-03-13 16:11:26,140 - INFO - Hybrid model loaded successfully.
2025-03-13 16:11:35,605 - DEBUG - Popen(['git', 'version'], cwd=D:\recommend\Recommendation_Systems, stdin=None, shell=False, universal_newlines=False)
2025-03-13 16:11:35,834 - DEBUG - Popen(['git', 'rev-parse', '--show-toplevel'], cwd=D:\recommend\Recommendation_Systems, stdin=None, shell=False, universal_newlines=False)
2025-03-13 16:11:35,991 - DEBUG - Popen(['git', 'remote', 'get-url', '--all', 'origin'], cwd=D:\recommend\Recommendation_Systems, stdin=None, shell=False, universal_newlines=False)
2025-03-13 16:11:36,111 - DEBUG - Popen(['git', 'status', '--porcelain', '--untracked-files'], cwd=D:\recommend\Recommendation_Systems, stdin=None, shell=False, universal_newlines=False)
2025-03-13 16:11:36,194 - DEBUG - Popen(['git', 'diff', '--abbrev=40', '--full-index', '-M', '--raw', '-z', '--no-color'], cwd=D:\recommend\Recommendation_Systems, stdin=None, shell=False, universal_newlines=False)
2025-03-13 16:11:36,272 - DEBUG - Popen(['git', 'cat-file', '--batch-check'], cwd=D:\recommend\Recommendation_Systems, stdin=<valid stream>, shell=False, universal_newlines=False)
2025-03-13 16:11:36,351 - DEBUG - Popen(['git', 'rev-list', 'origin/main..main', '--'], cwd=D:\recommend\Recommendation_Systems, stdin=None, shell=False, universal_newlines=False)
2025-03-13 16:18:42,899 - INFO - Python version: 3.10.11 (tags/v3.10.11:7d4cc5a, Apr  5 2023, 00:38:17) [MSC v.1929 64 bit (AMD64)]
2025-03-13 16:18:42,899 - INFO - LightFM version: 1.17
2025-03-13 16:18:44,089 - INFO - Installed packages:
altair==5.5.0
asttokens==3.0.0
attrs==25.1.0
blinker==1.9.0
cachetools==5.5.2
certifi==2025.1.31
charset-normalizer==3.4.1
click==8.1.8
cloudpickle==3.1.1
colorama==0.4.6
comm==0.2.2
contourpy==1.3.1
cycler==0.12.1
Cython==3.0.12
dask==2025.2.0
debugpy==1.8.12
decorator==5.2.1
exceptiongroup==1.2.2
executing==2.2.0
fonttools==4.56.0
fsspec==2025.2.0
gitdb==4.0.12
GitPython==3.1.44
idna==3.10
implicit==0.7.2
importlib_metadata==8.6.1
ipykernel==6.29.5
ipython==8.32.0
jedi==0.19.2
Jinja2==3.1.5
joblib==1.4.2
jsonschema==4.23.0
jsonschema-specifications==2024.10.1
jupyter_client==8.6.3
jupyter_core==5.7.2
kiwisolver==1.4.8
lightfm==1.17
locket==1.0.0
markdown-it-py==3.0.0
MarkupSafe==3.0.2
matplotlib==3.10.0
matplotlib-inline==0.1.7
mdurl==0.1.2
narwhals==1.28.0
nest-asyncio==1.6.0
numpy==2.2.3
packaging==24.2
pandas==2.2.3
parso==0.8.4
partd==1.4.2
pillow==11.1.0
platformdirs==4.3.6
plotly==6.0.0
prompt_toolkit==3.0.50
protobuf==5.29.3
psutil==7.0.0
pure_eval==0.2.3
pyarrow==19.0.1
pydeck==0.9.1
Pygments==2.19.1
pyparsing==3.2.1
python-dateutil==2.9.0.post0
pytz==2025.1
pywin32==308
PyYAML==6.0.2
pyzmq==26.2.1
referencing==0.36.2
requests==2.32.3
rich==13.9.4
rpds-py==0.23.1
scikit-learn==1.6.1
scipy==1.15.2
seaborn==0.13.2
six==1.17.0
smmap==5.0.2
stack-data==0.6.3
streamlit==1.43.1
tenacity==9.0.0
threadpoolctl==3.5.0
toml==0.10.2
toolz==1.0.0
tornado==6.4.2
tqdm==4.67.1
traitlets==5.14.3
typing_extensions==4.12.2
tzdata==2025.1
urllib3==2.3.0
watchdog==6.0.0
wcwidth==0.2.13
zipp==3.21.0

2025-03-13 16:18:44,564 - INFO - Loading hybrid model...
2025-03-13 16:18:56,114 - INFO - Hybrid model loaded successfully.
2025-03-13 16:19:34,817 - DEBUG - Popen(['git', 'version'], cwd=D:\recommend\Recommendation_Systems, stdin=None, shell=False, universal_newlines=False)
2025-03-13 16:19:34,972 - DEBUG - Popen(['git', 'rev-parse', '--show-toplevel'], cwd=D:\recommend\Recommendation_Systems, stdin=None, shell=False, universal_newlines=False)
2025-03-13 16:19:35,132 - DEBUG - Popen(['git', 'remote', 'get-url', '--all', 'origin'], cwd=D:\recommend\Recommendation_Systems, stdin=None, shell=False, universal_newlines=False)
2025-03-13 16:19:35,301 - DEBUG - Popen(['git', 'status', '--porcelain', '--untracked-files'], cwd=D:\recommend\Recommendation_Systems, stdin=None, shell=False, universal_newlines=False)
2025-03-13 16:19:35,395 - DEBUG - Popen(['git', 'diff', '--abbrev=40', '--full-index', '-M', '--raw', '-z', '--no-color'], cwd=D:\recommend\Recommendation_Systems, stdin=None, shell=False, universal_newlines=False)
2025-03-13 16:19:35,489 - DEBUG - Popen(['git', 'cat-file', '--batch-check'], cwd=D:\recommend\Recommendation_Systems, stdin=<valid stream>, shell=False, universal_newlines=False)
2025-03-13 16:19:35,571 - DEBUG - Popen(['git', 'rev-list', 'origin/main..main', '--'], cwd=D:\recommend\Recommendation_Systems, stdin=None, shell=False, universal_newlines=False)
2025-03-13 16:23:22,823 - INFO - Python version: 3.10.11 (tags/v3.10.11:7d4cc5a, Apr  5 2023, 00:38:17) [MSC v.1929 64 bit (AMD64)]
2025-03-13 16:23:22,823 - INFO - LightFM version: 1.17
2025-03-13 16:23:23,726 - INFO - Installed packages:
altair==5.5.0
asttokens==3.0.0
attrs==25.1.0
blinker==1.9.0
cachetools==5.5.2
certifi==2025.1.31
charset-normalizer==3.4.1
click==8.1.8
cloudpickle==3.1.1
colorama==0.4.6
comm==0.2.2
contourpy==1.3.1
cycler==0.12.1
Cython==3.0.12
dask==2025.2.0
debugpy==1.8.12
decorator==5.2.1
exceptiongroup==1.2.2
executing==2.2.0
fonttools==4.56.0
fsspec==2025.2.0
gitdb==4.0.12
GitPython==3.1.44
idna==3.10
implicit==0.7.2
importlib_metadata==8.6.1
ipykernel==6.29.5
ipython==8.32.0
jedi==0.19.2
Jinja2==3.1.5
joblib==1.4.2
jsonschema==4.23.0
jsonschema-specifications==2024.10.1
jupyter_client==8.6.3
jupyter_core==5.7.2
kiwisolver==1.4.8
lightfm==1.17
locket==1.0.0
markdown-it-py==3.0.0
MarkupSafe==3.0.2
matplotlib==3.10.0
matplotlib-inline==0.1.7
mdurl==0.1.2
narwhals==1.28.0
nest-asyncio==1.6.0
numpy==2.2.3
packaging==24.2
pandas==2.2.3
parso==0.8.4
partd==1.4.2
pillow==11.1.0
platformdirs==4.3.6
plotly==6.0.0
prompt_toolkit==3.0.50
protobuf==5.29.3
psutil==7.0.0
pure_eval==0.2.3
pyarrow==19.0.1
pydeck==0.9.1
Pygments==2.19.1
pyparsing==3.2.1
python-dateutil==2.9.0.post0
pytz==2025.1
pywin32==308
PyYAML==6.0.2
pyzmq==26.2.1
referencing==0.36.2
requests==2.32.3
rich==13.9.4
rpds-py==0.23.1
scikit-learn==1.6.1
scipy==1.15.2
seaborn==0.13.2
six==1.17.0
smmap==5.0.2
stack-data==0.6.3
streamlit==1.43.1
tenacity==9.0.0
threadpoolctl==3.5.0
toml==0.10.2
toolz==1.0.0
tornado==6.4.2
tqdm==4.67.1
traitlets==5.14.3
typing_extensions==4.12.2
tzdata==2025.1
urllib3==2.3.0
watchdog==6.0.0
wcwidth==0.2.13
zipp==3.21.0

2025-03-13 16:23:24,365 - INFO - Loading hybrid model...
2025-03-13 16:23:35,736 - INFO - Hybrid model loaded successfully.
2025-03-13 16:33:19,066 - INFO - Python version: 3.10.11 (tags/v3.10.11:7d4cc5a, Apr  5 2023, 00:38:17) [MSC v.1929 64 bit (AMD64)]
2025-03-13 16:33:19,067 - INFO - LightFM version: 1.17
2025-03-13 16:33:19,337 - INFO - Python version: 3.10.11 (tags/v3.10.11:7d4cc5a, Apr  5 2023, 00:38:17) [MSC v.1929 64 bit (AMD64)]
2025-03-13 16:33:19,337 - INFO - LightFM version: 1.17
2025-03-13 16:33:20,337 - INFO - Installed packages:
altair==5.5.0
asttokens==3.0.0
attrs==25.1.0
blinker==1.9.0
cachetools==5.5.2
certifi==2025.1.31
charset-normalizer==3.4.1
click==8.1.8
cloudpickle==3.1.1
colorama==0.4.6
comm==0.2.2
contourpy==1.3.1
cycler==0.12.1
Cython==3.0.12
dask==2025.2.0
debugpy==1.8.12
decorator==5.2.1
exceptiongroup==1.2.2
executing==2.2.0
fonttools==4.56.0
fsspec==2025.2.0
gitdb==4.0.12
GitPython==3.1.44
idna==3.10
implicit==0.7.2
importlib_metadata==8.6.1
ipykernel==6.29.5
ipython==8.32.0
jedi==0.19.2
Jinja2==3.1.5
joblib==1.4.2
jsonschema==4.23.0
jsonschema-specifications==2024.10.1
jupyter_client==8.6.3
jupyter_core==5.7.2
kiwisolver==1.4.8
lightfm==1.17
locket==1.0.0
markdown-it-py==3.0.0
MarkupSafe==3.0.2
matplotlib==3.10.0
matplotlib-inline==0.1.7
mdurl==0.1.2
narwhals==1.28.0
nest-asyncio==1.6.0
numpy==2.2.3
packaging==24.2
pandas==2.2.3
parso==0.8.4
partd==1.4.2
pillow==11.1.0
platformdirs==4.3.6
plotly==6.0.0
prompt_toolkit==3.0.50
protobuf==5.29.3
psutil==7.0.0
pure_eval==0.2.3
pyarrow==19.0.1
pydeck==0.9.1
Pygments==2.19.1
pyparsing==3.2.1
python-dateutil==2.9.0.post0
pytz==2025.1
pywin32==308
PyYAML==6.0.2
pyzmq==26.2.1
referencing==0.36.2
requests==2.32.3
rich==13.9.4
rpds-py==0.23.1
scikit-learn==1.6.1
scipy==1.15.2
seaborn==0.13.2
six==1.17.0
smmap==5.0.2
stack-data==0.6.3
streamlit==1.43.1
tenacity==9.0.0
threadpoolctl==3.5.0
toml==0.10.2
toolz==1.0.0
tornado==6.4.2
tqdm==4.67.1
traitlets==5.14.3
typing_extensions==4.12.2
tzdata==2025.1
urllib3==2.3.0
watchdog==6.0.0
wcwidth==0.2.13
zipp==3.21.0

2025-03-13 16:33:20,576 - INFO - Installed packages:
altair==5.5.0
asttokens==3.0.0
attrs==25.1.0
blinker==1.9.0
cachetools==5.5.2
certifi==2025.1.31
charset-normalizer==3.4.1
click==8.1.8
cloudpickle==3.1.1
colorama==0.4.6
comm==0.2.2
contourpy==1.3.1
cycler==0.12.1
Cython==3.0.12
dask==2025.2.0
debugpy==1.8.12
decorator==5.2.1
exceptiongroup==1.2.2
executing==2.2.0
fonttools==4.56.0
fsspec==2025.2.0
gitdb==4.0.12
GitPython==3.1.44
idna==3.10
implicit==0.7.2
importlib_metadata==8.6.1
ipykernel==6.29.5
ipython==8.32.0
jedi==0.19.2
Jinja2==3.1.5
joblib==1.4.2
jsonschema==4.23.0
jsonschema-specifications==2024.10.1
jupyter_client==8.6.3
jupyter_core==5.7.2
kiwisolver==1.4.8
lightfm==1.17
locket==1.0.0
markdown-it-py==3.0.0
MarkupSafe==3.0.2
matplotlib==3.10.0
matplotlib-inline==0.1.7
mdurl==0.1.2
narwhals==1.28.0
nest-asyncio==1.6.0
numpy==2.2.3
packaging==24.2
pandas==2.2.3
parso==0.8.4
partd==1.4.2
pillow==11.1.0
platformdirs==4.3.6
plotly==6.0.0
prompt_toolkit==3.0.50
protobuf==5.29.3
psutil==7.0.0
pure_eval==0.2.3
pyarrow==19.0.1
pydeck==0.9.1
Pygments==2.19.1
pyparsing==3.2.1
python-dateutil==2.9.0.post0
pytz==2025.1
pywin32==308
PyYAML==6.0.2
pyzmq==26.2.1
referencing==0.36.2
requests==2.32.3
rich==13.9.4
rpds-py==0.23.1
scikit-learn==1.6.1
scipy==1.15.2
seaborn==0.13.2
six==1.17.0
smmap==5.0.2
stack-data==0.6.3
streamlit==1.43.1
tenacity==9.0.0
threadpoolctl==3.5.0
toml==0.10.2
toolz==1.0.0
tornado==6.4.2
tqdm==4.67.1
traitlets==5.14.3
typing_extensions==4.12.2
tzdata==2025.1
urllib3==2.3.0
watchdog==6.0.0
wcwidth==0.2.13
zipp==3.21.0

2025-03-13 16:33:20,597 - INFO - Loading hybrid model...
2025-03-13 16:33:34,368 - INFO - Hybrid model loaded successfully.
2025-03-13 16:33:51,503 - DEBUG - Popen(['git', 'version'], cwd=D:\recommend\Recommendation_Systems, stdin=None, shell=False, universal_newlines=False)
2025-03-13 16:33:51,644 - DEBUG - Popen(['git', 'rev-parse', '--show-toplevel'], cwd=D:\recommend\Recommendation_Systems, stdin=None, shell=False, universal_newlines=False)
2025-03-13 16:33:51,757 - DEBUG - Popen(['git', 'remote', 'get-url', '--all', 'origin'], cwd=D:\recommend\Recommendation_Systems, stdin=None, shell=False, universal_newlines=False)
2025-03-13 16:33:51,864 - DEBUG - Popen(['git', 'status', '--porcelain', '--untracked-files'], cwd=D:\recommend\Recommendation_Systems, stdin=None, shell=False, universal_newlines=False)
2025-03-13 16:33:51,996 - DEBUG - Popen(['git', 'diff', '--abbrev=40', '--full-index', '-M', '--raw', '-z', '--no-color'], cwd=D:\recommend\Recommendation_Systems, stdin=None, shell=False, universal_newlines=False)
2025-03-13 16:33:52,091 - DEBUG - Popen(['git', 'cat-file', '--batch-check'], cwd=D:\recommend\Recommendation_Systems, stdin=<valid stream>, shell=False, universal_newlines=False)
2025-03-13 16:33:52,170 - DEBUG - Popen(['git', 'rev-list', 'origin/main..main', '--'], cwd=D:\recommend\Recommendation_Systems, stdin=None, shell=False, universal_newlines=False)
